<?xml version="1.0" encoding="UTF-8"?>
<testng-results skipped="0" failed="0" ignored="0" total="1" passed="1">
  <reporter-output>
  </reporter-output>
  <suite name="Suite" duration-ms="9245" started-at="2017-07-05T07:19:16Z" finished-at="2017-07-05T07:19:25Z">
    <groups>
    </groups>
    <test name="Test" duration-ms="9245" started-at="2017-07-05T07:19:16Z" finished-at="2017-07-05T07:19:25Z">
      <class name="com.bmi.rough.DailyPractice">
        <test-method status="PASS" signature="setup()[pri:0, instance:com.bmi.rough.DailyPractice@16532d6]" name="setup" is-config="true" duration-ms="280" started-at="2017-07-05T12:49:16Z" finished-at="2017-07-05T12:49:16Z">
          <reporter-output>
          </reporter-output>
        </test-method> <!-- setup -->
        <test-method status="PASS" signature="demoMethod()[pri:0, instance:com.bmi.rough.DailyPractice@16532d6]" name="demoMethod" duration-ms="8949" started-at="2017-07-05T12:49:16Z" finished-at="2017-07-05T12:49:25Z">
          <reporter-output>
          </reporter-output>
        </test-method> <!-- demoMethod -->
        <test-method status="PASS" signature="getResult(org.testng.ITestResult)[pri:0, instance:com.bmi.rough.DailyPractice@16532d6]" name="getResult" is-config="true" duration-ms="0" started-at="2017-07-05T12:49:25Z" finished-at="2017-07-05T12:49:25Z">
          <params>
            <param index="0">
              <value>
                <![CDATA[[TestResult name=demoMethod status=SUCCESS method=DailyPractice.demoMethod()[pri:0, instance:com.bmi.rough.DailyPractice@16532d6] output={null}]]]>
              </value>
            </param>
          </params>
          <reporter-output>
          </reporter-output>
        </test-method> <!-- getResult -->
        <test-method status="FAIL" signature="tearDown()[pri:0, instance:com.bmi.rough.DailyPractice@16532d6]" name="tearDown" is-config="true" duration-ms="5291" started-at="2017-07-05T12:49:25Z" finished-at="2017-07-05T12:49:31Z">
          <exception class="org.apache.commons.mail.EmailException">
            <message>
              <![CDATA[Cannot attach file "./log/extentrepNew.html"]]>
            </message>
            <full-stacktrace>
              <![CDATA[org.apache.commons.mail.EmailException: Cannot attach file "./log/extentrepNew.html"
	at org.apache.commons.mail.MultiPartEmail.attach(MultiPartEmail.java:338)
	at com.bmi.rough.TestBase.tearDown(TestBase.java:82)
	at sun.reflect.NativeMethodAccessorImpl.invoke0(Native Method)
	at sun.reflect.NativeMethodAccessorImpl.invoke(NativeMethodAccessorImpl.java:62)
	at sun.reflect.DelegatingMethodAccessorImpl.invoke(DelegatingMethodAccessorImpl.java:43)
	at java.lang.reflect.Method.invoke(Method.java:497)
	at org.testng.internal.MethodInvocationHelper.invokeMethod(MethodInvocationHelper.java:108)
	at org.testng.internal.Invoker.invokeConfigurationMethod(Invoker.java:523)
	at org.testng.internal.Invoker.invokeConfigurations(Invoker.java:224)
	at org.testng.internal.Invoker.invokeConfigurations(Invoker.java:146)
	at org.testng.SuiteRunner.privateRun(SuiteRunner.java:350)
	at org.testng.SuiteRunner.run(SuiteRunner.java:289)
	at org.testng.SuiteRunnerWorker.runSuite(SuiteRunnerWorker.java:52)
	at org.testng.SuiteRunnerWorker.run(SuiteRunnerWorker.java:86)
	at org.testng.TestNG.runSuitesSequentially(TestNG.java:1301)
	at org.testng.TestNG.runSuitesLocally(TestNG.java:1226)
	at org.testng.TestNG.runSuites(TestNG.java:1144)
	at org.testng.TestNG.run(TestNG.java:1115)
	at org.apache.maven.surefire.testng.TestNGExecutor.run(TestNGExecutor.java:293)
	at org.apache.maven.surefire.testng.TestNGXmlTestSuite.execute(TestNGXmlTestSuite.java:84)
	at org.apache.maven.surefire.testng.TestNGProvider.invoke(TestNGProvider.java:91)
	at org.apache.maven.surefire.booter.ForkedBooter.invokeProviderInSameClassLoader(ForkedBooter.java:200)
	at org.apache.maven.surefire.booter.ForkedBooter.runSuitesInProcess(ForkedBooter.java:153)
	at org.apache.maven.surefire.booter.ForkedBooter.main(ForkedBooter.java:103)
Caused by: java.io.IOException: "./log/extentrepNew.html" does not exist
	at org.apache.commons.mail.MultiPartEmail.attach(MultiPartEmail.java:327)
	... 23 more
]]>
            </full-stacktrace>
          </exception> <!-- org.apache.commons.mail.EmailException -->
          <reporter-output>
          </reporter-output>
        </test-method> <!-- tearDown -->
      </class> <!-- com.bmi.rough.DailyPractice -->
    </test> <!-- Test -->
  </suite> <!-- Suite -->
</testng-results>
