<?xml version="1.0" encoding="UTF-8"?>
<!-- Generated by org.testng.reporters.JUnitXMLReporter -->
<testsuite hostname="PBNHMYD" ignored="6" name="Test" tests="4" failures="0" timestamp="16 Jul 2017 03:05:04 GMT" time="515.571" errors="0">
  <testcase name="StartBrowser" time="115.406" classname="com.bmi.test.NewCommercialQuote"/>
  <testcase name="createIndQuote" time="133.467" classname="com.bmi.test.NewIndustrialQuote"/>
  <testcase name="createMailBackQuote" time="135.877" classname="com.bmi.test.NewMailbackQuote"/>
  <testcase name="openBrowser" time="125.503" classname="com.bmi.test.ExistingCommercialQuote"/>
  <testcase name="@AfterSuite tearDown" time="0.0" classname="com.bmi.base.TestBase">
    <ignored/>
  </testcase> <!-- @AfterSuite tearDown -->
  <testcase name="@AfterSuite tearDown" time="0.0" classname="com.bmi.base.TestBase">
    <ignored/>
  </testcase> <!-- @AfterSuite tearDown -->
  <testcase name="@AfterSuite tearDown" time="0.0" classname="com.bmi.base.TestBase">
    <ignored/>
  </testcase> <!-- @AfterSuite tearDown -->
  <testcase name="@BeforeSuite setup" time="0.0" classname="com.bmi.base.TestBase">
    <ignored/>
  </testcase> <!-- @BeforeSuite setup -->
  <testcase name="@BeforeSuite setup" time="0.0" classname="com.bmi.base.TestBase">
    <ignored/>
  </testcase> <!-- @BeforeSuite setup -->
  <testcase name="@BeforeSuite setup" time="0.0" classname="com.bmi.base.TestBase">
    <ignored/>
  </testcase> <!-- @BeforeSuite setup -->
</testsuite> <!-- Test -->
