<?xml version="1.0" encoding="UTF-8"?>
<!-- Generated by org.testng.reporters.JUnitXMLReporter -->
<testsuite hostname="PBNHMYD" ignored="1" name="Test(failed)" tests="8" failures="1" timestamp="11 Jul 2017 10:36:16 GMT" time="2.061" errors="0">
  <testcase name="@AfterMethod getResult" time="2.001" classname="com.bmi.base.TestBase">
    <failure type="java.lang.NullPointerException">
      <![CDATA[java.lang.NullPointerException
	at com.bmi.utility.CommonUtil.takesScreenshot(CommonUtil.java:27)
	at com.bmi.base.TestBase.getResult(TestBase.java:49)
... Removed 27 stack frames]]>
    </failure>
  </testcase> <!-- @AfterMethod getResult -->
  <testcase name="navigateToQuoteCreation" time="0.023" classname="com.bmi.test.ExistingCommercialQuote">
    <failure type="java.lang.NullPointerException">
      <![CDATA[java.lang.NullPointerException
	at org.openqa.selenium.support.pagefactory.DefaultElementLocator.findElement(DefaultElementLocator.java:69)
	at org.openqa.selenium.support.pagefactory.internal.LocatingElementHandler.invoke(LocatingElementHandler.java:38)
	at com.sun.proxy.$Proxy8.click(Unknown Source)
	at com.bmi.pageobjects.NavigateQuoteCreation.ClickStartNewQuote(NavigateQuoteCreation.java:33)
	at com.bmi.test.ExistingCommercialQuote.navigateToQuoteCreation(ExistingCommercialQuote.java:84)
... Removed 25 stack frames]]>
    </failure>
  </testcase> <!-- navigateToQuoteCreation -->
  <testcase name="StartNewQuote_1" time="0.0" classname="com.bmi.test.ExistingCommercialQuote">
    <skipped/>
  </testcase> <!-- StartNewQuote_1 -->
  <testcase name="searchCustomer" time="0.0" classname="com.bmi.test.ExistingCommercialQuote">
    <skipped/>
  </testcase> <!-- searchCustomer -->
  <testcase name="serviceConfigure" time="0.0" classname="com.bmi.test.ExistingCommercialQuote">
    <skipped/>
  </testcase> <!-- serviceConfigure -->
  <testcase name="selectservice" time="0.0" classname="com.bmi.test.ExistingCommercialQuote">
    <skipped/>
  </testcase> <!-- selectservice -->
  <testcase name="providePrice" time="0.0" classname="com.bmi.test.ExistingCommercialQuote">
    <skipped/>
  </testcase> <!-- providePrice -->
  <testcase name="generateDocument" time="0.0" classname="com.bmi.test.ExistingCommercialQuote">
    <skipped/>
  </testcase> <!-- generateDocument -->
  <testcase name="finalizeQuote" time="0.0" classname="com.bmi.test.ExistingCommercialQuote">
    <skipped/>
  </testcase> <!-- finalizeQuote -->
  <testcase name="openBrowser" time="0.0" classname="com.bmi.test.ExistingCommercialQuote">
    <ignored/>
  </testcase> <!-- openBrowser -->
</testsuite> <!-- Test(failed) -->
